sql [2021-05-08 18:47:53] [DEBUG]: Executing (default): CREATE TABLE IF NOT EXISTS `Classes` (`id` INTEGER NOT NULL auto_increment , `name` VARCHAR(255) NOT NULL, `openDate` DATETIME NOT NULL, `deletedAt` DATETIME, PRIMARY KEY (`id`)) ENGINE=InnoDB;

sql [2021-05-08 18:47:53] [DEBUG]: Executing (default): SHOW FULL COLUMNS FROM `Classes`;

sql [2021-05-08 18:47:53] [DEBUG]: Executing (default): SELECT CONSTRAINT_NAME as constraint_name,CONSTRAINT_NAME as constraintName,CONSTRAINT_SCHEMA as constraintSchema,CONSTRAINT_SCHEMA as constraintCatalog,TABLE_NAME as tableName,TABLE_SCHEMA as tableSchema,TABLE_SCHEMA as tableCatalog,COLUMN_NAME as columnName,REFERENCED_TABLE_SCHEMA as referencedTableSchema,REFERENCED_TABLE_SCHEMA as referencedTableCatalog,REFERENCED_TABLE_NAME as referencedTableName,REFERENCED_COLUMN_NAME as referencedColumnName FROM INFORMATION_SCHEMA.KEY_COLUMN_USAGE where TABLE_NAME = 'Classes' AND CONSTRAINT_NAME!='PRIMARY' AND CONSTRAINT_SCHEMA='myschooldb' AND REFERENCED_TABLE_NAME IS NOT NULL;

sql [2021-05-08 18:47:53] [DEBUG]: Executing (default): ALTER TABLE `Classes` CHANGE `name` `name` VARCHAR(255) NOT NULL;

sql [2021-05-08 18:47:53] [DEBUG]: Executing (default): ALTER TABLE `Classes` CHANGE `openDate` `openDate` DATETIME NOT NULL;

sql [2021-05-08 18:47:53] [DEBUG]: Executing (default): ALTER TABLE `Classes` CHANGE `deletedAt` `deletedAt` DATETIME;

sql [2021-05-08 18:47:53] [DEBUG]: Executing (default): SHOW INDEX FROM `Classes`

sql [2021-05-08 18:47:53] [DEBUG]: Executing (default): CREATE TABLE IF NOT EXISTS `Students` (`id` INTEGER NOT NULL auto_increment , `name` VARCHAR(255) NOT NULL, `birthday` DATETIME NOT NULL, `sex` TINYINT(1) NOT NULL, `mobile` VARCHAR(11) NOT NULL, `deletedAt` DATETIME, `ClassId` INTEGER, PRIMARY KEY (`id`), FOREIGN KEY (`ClassId`) REFERENCES `Classes` (`id`) ON DELETE SET NULL ON UPDATE CASCADE) ENGINE=InnoDB;

sql [2021-05-08 18:47:53] [DEBUG]: Executing (default): SHOW FULL COLUMNS FROM `Students`;

sql [2021-05-08 18:47:53] [DEBUG]: Executing (default): SELECT CONSTRAINT_NAME as constraint_name,CONSTRAINT_NAME as constraintName,CONSTRAINT_SCHEMA as constraintSchema,CONSTRAINT_SCHEMA as constraintCatalog,TABLE_NAME as tableName,TABLE_SCHEMA as tableSchema,TABLE_SCHEMA as tableCatalog,COLUMN_NAME as columnName,REFERENCED_TABLE_SCHEMA as referencedTableSchema,REFERENCED_TABLE_SCHEMA as referencedTableCatalog,REFERENCED_TABLE_NAME as referencedTableName,REFERENCED_COLUMN_NAME as referencedColumnName FROM INFORMATION_SCHEMA.KEY_COLUMN_USAGE where TABLE_NAME = 'Students' AND CONSTRAINT_NAME!='PRIMARY' AND CONSTRAINT_SCHEMA='myschooldb' AND REFERENCED_TABLE_NAME IS NOT NULL;

sql [2021-05-08 18:47:53] [DEBUG]: Executing (default): ALTER TABLE `Students` CHANGE `name` `name` VARCHAR(255) NOT NULL;

sql [2021-05-08 18:47:53] [DEBUG]: Executing (default): ALTER TABLE `Students` CHANGE `birthday` `birthday` DATETIME NOT NULL;

sql [2021-05-08 18:47:53] [DEBUG]: Executing (default): ALTER TABLE `Students` CHANGE `sex` `sex` TINYINT(1) NOT NULL;

sql [2021-05-08 18:47:53] [DEBUG]: Executing (default): ALTER TABLE `Students` CHANGE `mobile` `mobile` VARCHAR(11) NOT NULL;

sql [2021-05-08 18:47:53] [DEBUG]: Executing (default): ALTER TABLE `Students` CHANGE `deletedAt` `deletedAt` DATETIME;

sql [2021-05-08 18:47:53] [DEBUG]: Executing (default): ALTER TABLE `Students` ADD FOREIGN KEY (`ClassId`) REFERENCES `Classes` (`id`) ON DELETE SET NULL ON UPDATE CASCADE;

sql [2021-05-08 18:47:53] [DEBUG]: Executing (default): SHOW INDEX FROM `Students`

sql [2021-05-08 18:47:53] [DEBUG]: Executing (default): CREATE TABLE IF NOT EXISTS `Admins` (`id` INTEGER NOT NULL auto_increment , `loginId` VARCHAR(255) NOT NULL, `loginPwd` VARCHAR(255) NOT NULL, `deletedAt` DATETIME, PRIMARY KEY (`id`)) ENGINE=InnoDB;

sql [2021-05-08 18:47:53] [DEBUG]: Executing (default): SHOW FULL COLUMNS FROM `Admins`;

sql [2021-05-08 18:47:53] [DEBUG]: Executing (default): SELECT CONSTRAINT_NAME as constraint_name,CONSTRAINT_NAME as constraintName,CONSTRAINT_SCHEMA as constraintSchema,CONSTRAINT_SCHEMA as constraintCatalog,TABLE_NAME as tableName,TABLE_SCHEMA as tableSchema,TABLE_SCHEMA as tableCatalog,COLUMN_NAME as columnName,REFERENCED_TABLE_SCHEMA as referencedTableSchema,REFERENCED_TABLE_SCHEMA as referencedTableCatalog,REFERENCED_TABLE_NAME as referencedTableName,REFERENCED_COLUMN_NAME as referencedColumnName FROM INFORMATION_SCHEMA.KEY_COLUMN_USAGE where TABLE_NAME = 'Admins' AND CONSTRAINT_NAME!='PRIMARY' AND CONSTRAINT_SCHEMA='myschooldb' AND REFERENCED_TABLE_NAME IS NOT NULL;

sql [2021-05-08 18:47:53] [DEBUG]: Executing (default): ALTER TABLE `Admins` CHANGE `loginId` `loginId` VARCHAR(255) NOT NULL;

sql [2021-05-08 18:47:53] [DEBUG]: Executing (default): ALTER TABLE `Admins` CHANGE `loginPwd` `loginPwd` VARCHAR(255) NOT NULL;

sql [2021-05-08 18:47:53] [DEBUG]: Executing (default): ALTER TABLE `Admins` CHANGE `deletedAt` `deletedAt` DATETIME;

sql [2021-05-08 18:47:53] [DEBUG]: Executing (default): SHOW INDEX FROM `Admins`

sql [2021-05-08 18:47:53] [DEBUG]: Executing (default): CREATE TABLE IF NOT EXISTS `Books` (`id` INTEGER NOT NULL auto_increment , `name` VARCHAR(255) NOT NULL, `imgurl` VARCHAR(255), `publishDate` VARCHAR(255) NOT NULL, `author` VARCHAR(255) NOT NULL, `createdAt` DATETIME NOT NULL, `updatedAt` DATETIME NOT NULL, `deletedAt` DATETIME, PRIMARY KEY (`id`)) ENGINE=InnoDB;

sql [2021-05-08 18:47:53] [DEBUG]: Executing (default): SHOW FULL COLUMNS FROM `Books`;

sql [2021-05-08 18:47:53] [DEBUG]: Executing (default): SELECT CONSTRAINT_NAME as constraint_name,CONSTRAINT_NAME as constraintName,CONSTRAINT_SCHEMA as constraintSchema,CONSTRAINT_SCHEMA as constraintCatalog,TABLE_NAME as tableName,TABLE_SCHEMA as tableSchema,TABLE_SCHEMA as tableCatalog,COLUMN_NAME as columnName,REFERENCED_TABLE_SCHEMA as referencedTableSchema,REFERENCED_TABLE_SCHEMA as referencedTableCatalog,REFERENCED_TABLE_NAME as referencedTableName,REFERENCED_COLUMN_NAME as referencedColumnName FROM INFORMATION_SCHEMA.KEY_COLUMN_USAGE where TABLE_NAME = 'Books' AND CONSTRAINT_NAME!='PRIMARY' AND CONSTRAINT_SCHEMA='myschooldb' AND REFERENCED_TABLE_NAME IS NOT NULL;

sql [2021-05-08 18:47:53] [DEBUG]: Executing (default): ALTER TABLE `Books` CHANGE `name` `name` VARCHAR(255) NOT NULL;

sql [2021-05-08 18:47:53] [DEBUG]: Executing (default): ALTER TABLE `Books` CHANGE `imgurl` `imgurl` VARCHAR(255);

sql [2021-05-08 18:47:53] [DEBUG]: Executing (default): ALTER TABLE `Books` CHANGE `publishDate` `publishDate` VARCHAR(255) NOT NULL;

sql [2021-05-08 18:47:53] [DEBUG]: Executing (default): ALTER TABLE `Books` CHANGE `author` `author` VARCHAR(255) NOT NULL;

sql [2021-05-08 18:47:53] [DEBUG]: Executing (default): ALTER TABLE `Books` CHANGE `createdAt` `createdAt` DATETIME NOT NULL;

sql [2021-05-08 18:47:53] [DEBUG]: Executing (default): ALTER TABLE `Books` CHANGE `updatedAt` `updatedAt` DATETIME NOT NULL;

sql [2021-05-08 18:47:53] [DEBUG]: Executing (default): ALTER TABLE `Books` CHANGE `deletedAt` `deletedAt` DATETIME;

sql [2021-05-08 18:47:53] [DEBUG]: Executing (default): SHOW INDEX FROM `Books`

sql [2021-05-08 18:48:05] [DEBUG]: Executing (default): SELECT count(`Student`.`id`) AS `count` FROM `Students` AS `Student` LEFT OUTER JOIN `Classes` AS `Class` ON `Student`.`ClassId` = `Class`.`id` AND (`Class`.`deletedAt` IS NULL) WHERE `Student`.`deletedAt` IS NULL;

sql [2021-05-08 18:48:05] [DEBUG]: Executing (default): SELECT `Student`.`id`, `Student`.`name`, `Student`.`sex`, `Student`.`birthday`, `Class`.`id` AS `Class.id`, `Class`.`name` AS `Class.name`, `Class`.`openDate` AS `Class.openDate`, `Class`.`deletedAt` AS `Class.deletedAt` FROM `Students` AS `Student` LEFT OUTER JOIN `Classes` AS `Class` ON `Student`.`ClassId` = `Class`.`id` AND (`Class`.`deletedAt` IS NULL) WHERE `Student`.`deletedAt` IS NULL LIMIT 0, 10;

sql [2021-05-08 18:48:13] [DEBUG]: Executing (default): SELECT count(`Student`.`id`) AS `count` FROM `Students` AS `Student` LEFT OUTER JOIN `Classes` AS `Class` ON `Student`.`ClassId` = `Class`.`id` AND (`Class`.`deletedAt` IS NULL) WHERE `Student`.`deletedAt` IS NULL;

sql [2021-05-08 18:48:13] [DEBUG]: Executing (default): SELECT `Student`.`id`, `Student`.`name`, `Student`.`sex`, `Student`.`birthday`, `Class`.`id` AS `Class.id`, `Class`.`name` AS `Class.name`, `Class`.`openDate` AS `Class.openDate`, `Class`.`deletedAt` AS `Class.deletedAt` FROM `Students` AS `Student` LEFT OUTER JOIN `Classes` AS `Class` ON `Student`.`ClassId` = `Class`.`id` AND (`Class`.`deletedAt` IS NULL) WHERE `Student`.`deletedAt` IS NULL LIMIT 0, 10;

sql [2021-05-08 18:48:15] [DEBUG]: Executing (default): SELECT count(`Student`.`id`) AS `count` FROM `Students` AS `Student` LEFT OUTER JOIN `Classes` AS `Class` ON `Student`.`ClassId` = `Class`.`id` AND (`Class`.`deletedAt` IS NULL) WHERE `Student`.`deletedAt` IS NULL;

sql [2021-05-08 18:48:15] [DEBUG]: Executing (default): SELECT `Student`.`id`, `Student`.`name`, `Student`.`sex`, `Student`.`birthday`, `Class`.`id` AS `Class.id`, `Class`.`name` AS `Class.name`, `Class`.`openDate` AS `Class.openDate`, `Class`.`deletedAt` AS `Class.deletedAt` FROM `Students` AS `Student` LEFT OUTER JOIN `Classes` AS `Class` ON `Student`.`ClassId` = `Class`.`id` AND (`Class`.`deletedAt` IS NULL) WHERE `Student`.`deletedAt` IS NULL LIMIT 10, 10;

sql [2021-05-08 18:48:21] [DEBUG]: Executing (default): SELECT count(`Student`.`id`) AS `count` FROM `Students` AS `Student` LEFT OUTER JOIN `Classes` AS `Class` ON `Student`.`ClassId` = `Class`.`id` AND (`Class`.`deletedAt` IS NULL) WHERE `Student`.`deletedAt` IS NULL;

sql [2021-05-08 18:48:21] [DEBUG]: Executing (default): SELECT `Student`.`id`, `Student`.`name`, `Student`.`sex`, `Student`.`birthday`, `Class`.`id` AS `Class.id`, `Class`.`name` AS `Class.name`, `Class`.`openDate` AS `Class.openDate`, `Class`.`deletedAt` AS `Class.deletedAt` FROM `Students` AS `Student` LEFT OUTER JOIN `Classes` AS `Class` ON `Student`.`ClassId` = `Class`.`id` AND (`Class`.`deletedAt` IS NULL) WHERE `Student`.`deletedAt` IS NULL LIMIT 0, 10;

sql [2021-05-08 18:48:35] [DEBUG]: Executing (default): SELECT count(`Student`.`id`) AS `count` FROM `Students` AS `Student` LEFT OUTER JOIN `Classes` AS `Class` ON `Student`.`ClassId` = `Class`.`id` AND (`Class`.`deletedAt` IS NULL) WHERE (`Student`.`deletedAt` IS NULL AND `Student`.`name` LIKE '%\'蒋秀英\'%');

sql [2021-05-08 18:48:35] [DEBUG]: Executing (default): SELECT `Student`.`id`, `Student`.`name`, `Student`.`sex`, `Student`.`birthday`, `Class`.`id` AS `Class.id`, `Class`.`name` AS `Class.name`, `Class`.`openDate` AS `Class.openDate`, `Class`.`deletedAt` AS `Class.deletedAt` FROM `Students` AS `Student` LEFT OUTER JOIN `Classes` AS `Class` ON `Student`.`ClassId` = `Class`.`id` AND (`Class`.`deletedAt` IS NULL) WHERE (`Student`.`deletedAt` IS NULL AND `Student`.`name` LIKE '%\'蒋秀英\'%') LIMIT 0, 10;

sql [2021-05-08 18:48:38] [DEBUG]: Executing (default): SELECT count(`Student`.`id`) AS `count` FROM `Students` AS `Student` LEFT OUTER JOIN `Classes` AS `Class` ON `Student`.`ClassId` = `Class`.`id` AND (`Class`.`deletedAt` IS NULL) WHERE (`Student`.`deletedAt` IS NULL AND `Student`.`name` LIKE '%\'\'%');

sql [2021-05-08 18:48:38] [DEBUG]: Executing (default): SELECT `Student`.`id`, `Student`.`name`, `Student`.`sex`, `Student`.`birthday`, `Class`.`id` AS `Class.id`, `Class`.`name` AS `Class.name`, `Class`.`openDate` AS `Class.openDate`, `Class`.`deletedAt` AS `Class.deletedAt` FROM `Students` AS `Student` LEFT OUTER JOIN `Classes` AS `Class` ON `Student`.`ClassId` = `Class`.`id` AND (`Class`.`deletedAt` IS NULL) WHERE (`Student`.`deletedAt` IS NULL AND `Student`.`name` LIKE '%\'\'%') LIMIT 0, 10;

sql [2021-05-08 18:48:41] [DEBUG]: Executing (default): SELECT count(`Student`.`id`) AS `count` FROM `Students` AS `Student` LEFT OUTER JOIN `Classes` AS `Class` ON `Student`.`ClassId` = `Class`.`id` AND (`Class`.`deletedAt` IS NULL) WHERE `Student`.`deletedAt` IS NULL;

sql [2021-05-08 18:48:41] [DEBUG]: Executing (default): SELECT `Student`.`id`, `Student`.`name`, `Student`.`sex`, `Student`.`birthday`, `Class`.`id` AS `Class.id`, `Class`.`name` AS `Class.name`, `Class`.`openDate` AS `Class.openDate`, `Class`.`deletedAt` AS `Class.deletedAt` FROM `Students` AS `Student` LEFT OUTER JOIN `Classes` AS `Class` ON `Student`.`ClassId` = `Class`.`id` AND (`Class`.`deletedAt` IS NULL) WHERE `Student`.`deletedAt` IS NULL LIMIT 0, 10;

sql [2021-05-08 18:48:43] [DEBUG]: Executing (default): SELECT count(`Student`.`id`) AS `count` FROM `Students` AS `Student` LEFT OUTER JOIN `Classes` AS `Class` ON `Student`.`ClassId` = `Class`.`id` AND (`Class`.`deletedAt` IS NULL) WHERE `Student`.`deletedAt` IS NULL;

sql [2021-05-08 18:48:43] [DEBUG]: Executing (default): SELECT `Student`.`id`, `Student`.`name`, `Student`.`sex`, `Student`.`birthday`, `Class`.`id` AS `Class.id`, `Class`.`name` AS `Class.name`, `Class`.`openDate` AS `Class.openDate`, `Class`.`deletedAt` AS `Class.deletedAt` FROM `Students` AS `Student` LEFT OUTER JOIN `Classes` AS `Class` ON `Student`.`ClassId` = `Class`.`id` AND (`Class`.`deletedAt` IS NULL) WHERE `Student`.`deletedAt` IS NULL LIMIT 0, 10;

sql [2021-05-08 18:48:48] [DEBUG]: Executing (default): SELECT count(`Student`.`id`) AS `count` FROM `Students` AS `Student` LEFT OUTER JOIN `Classes` AS `Class` ON `Student`.`ClassId` = `Class`.`id` AND (`Class`.`deletedAt` IS NULL) WHERE `Student`.`deletedAt` IS NULL;

sql [2021-05-08 18:48:48] [DEBUG]: Executing (default): SELECT `Student`.`id`, `Student`.`name`, `Student`.`sex`, `Student`.`birthday`, `Class`.`id` AS `Class.id`, `Class`.`name` AS `Class.name`, `Class`.`openDate` AS `Class.openDate`, `Class`.`deletedAt` AS `Class.deletedAt` FROM `Students` AS `Student` LEFT OUTER JOIN `Classes` AS `Class` ON `Student`.`ClassId` = `Class`.`id` AND (`Class`.`deletedAt` IS NULL) WHERE `Student`.`deletedAt` IS NULL LIMIT 0, 10;

sql [2021-05-08 18:48:56] [DEBUG]: Executing (default): SELECT count(`Student`.`id`) AS `count` FROM `Students` AS `Student` LEFT OUTER JOIN `Classes` AS `Class` ON `Student`.`ClassId` = `Class`.`id` AND (`Class`.`deletedAt` IS NULL) WHERE `Student`.`deletedAt` IS NULL;

sql [2021-05-08 18:48:56] [DEBUG]: Executing (default): SELECT `Student`.`id`, `Student`.`name`, `Student`.`sex`, `Student`.`birthday`, `Class`.`id` AS `Class.id`, `Class`.`name` AS `Class.name`, `Class`.`openDate` AS `Class.openDate`, `Class`.`deletedAt` AS `Class.deletedAt` FROM `Students` AS `Student` LEFT OUTER JOIN `Classes` AS `Class` ON `Student`.`ClassId` = `Class`.`id` AND (`Class`.`deletedAt` IS NULL) WHERE `Student`.`deletedAt` IS NULL LIMIT 0, 10;

sql [2021-05-08 18:49:56] [DEBUG]: Executing (default): SELECT count(`Student`.`id`) AS `count` FROM `Students` AS `Student` LEFT OUTER JOIN `Classes` AS `Class` ON `Student`.`ClassId` = `Class`.`id` AND (`Class`.`deletedAt` IS NULL) WHERE `Student`.`deletedAt` IS NULL;

sql [2021-05-08 18:49:56] [DEBUG]: Executing (default): SELECT `Student`.`id`, `Student`.`name`, `Student`.`sex`, `Student`.`birthday`, `Class`.`id` AS `Class.id`, `Class`.`name` AS `Class.name`, `Class`.`openDate` AS `Class.openDate`, `Class`.`deletedAt` AS `Class.deletedAt` FROM `Students` AS `Student` LEFT OUTER JOIN `Classes` AS `Class` ON `Student`.`ClassId` = `Class`.`id` AND (`Class`.`deletedAt` IS NULL) WHERE `Student`.`deletedAt` IS NULL LIMIT 0, 10;

sql [2021-05-08 19:04:17] [DEBUG]: Executing (default): CREATE TABLE IF NOT EXISTS `Classes` (`id` INTEGER NOT NULL auto_increment , `name` VARCHAR(255) NOT NULL, `openDate` DATETIME NOT NULL, `deletedAt` DATETIME, PRIMARY KEY (`id`)) ENGINE=InnoDB;

sql [2021-05-08 19:04:17] [DEBUG]: Executing (default): SHOW FULL COLUMNS FROM `Classes`;

sql [2021-05-08 19:04:17] [DEBUG]: Executing (default): SELECT CONSTRAINT_NAME as constraint_name,CONSTRAINT_NAME as constraintName,CONSTRAINT_SCHEMA as constraintSchema,CONSTRAINT_SCHEMA as constraintCatalog,TABLE_NAME as tableName,TABLE_SCHEMA as tableSchema,TABLE_SCHEMA as tableCatalog,COLUMN_NAME as columnName,REFERENCED_TABLE_SCHEMA as referencedTableSchema,REFERENCED_TABLE_SCHEMA as referencedTableCatalog,REFERENCED_TABLE_NAME as referencedTableName,REFERENCED_COLUMN_NAME as referencedColumnName FROM INFORMATION_SCHEMA.KEY_COLUMN_USAGE where TABLE_NAME = 'Classes' AND CONSTRAINT_NAME!='PRIMARY' AND CONSTRAINT_SCHEMA='myschooldb' AND REFERENCED_TABLE_NAME IS NOT NULL;

sql [2021-05-08 19:04:17] [DEBUG]: Executing (default): ALTER TABLE `Classes` CHANGE `name` `name` VARCHAR(255) NOT NULL;

sql [2021-05-08 19:04:17] [DEBUG]: Executing (default): ALTER TABLE `Classes` CHANGE `openDate` `openDate` DATETIME NOT NULL;

sql [2021-05-08 19:04:17] [DEBUG]: Executing (default): ALTER TABLE `Classes` CHANGE `deletedAt` `deletedAt` DATETIME;

sql [2021-05-08 19:04:17] [DEBUG]: Executing (default): SHOW INDEX FROM `Classes`

sql [2021-05-08 19:04:17] [DEBUG]: Executing (default): CREATE TABLE IF NOT EXISTS `Students` (`id` INTEGER NOT NULL auto_increment , `name` VARCHAR(255) NOT NULL, `birthday` DATETIME NOT NULL, `sex` TINYINT(1) NOT NULL, `mobile` VARCHAR(11) NOT NULL, `deletedAt` DATETIME, `ClassId` INTEGER, PRIMARY KEY (`id`), FOREIGN KEY (`ClassId`) REFERENCES `Classes` (`id`) ON DELETE SET NULL ON UPDATE CASCADE) ENGINE=InnoDB;

sql [2021-05-08 19:04:17] [DEBUG]: Executing (default): SHOW FULL COLUMNS FROM `Students`;

sql [2021-05-08 19:04:17] [DEBUG]: Executing (default): SELECT CONSTRAINT_NAME as constraint_name,CONSTRAINT_NAME as constraintName,CONSTRAINT_SCHEMA as constraintSchema,CONSTRAINT_SCHEMA as constraintCatalog,TABLE_NAME as tableName,TABLE_SCHEMA as tableSchema,TABLE_SCHEMA as tableCatalog,COLUMN_NAME as columnName,REFERENCED_TABLE_SCHEMA as referencedTableSchema,REFERENCED_TABLE_SCHEMA as referencedTableCatalog,REFERENCED_TABLE_NAME as referencedTableName,REFERENCED_COLUMN_NAME as referencedColumnName FROM INFORMATION_SCHEMA.KEY_COLUMN_USAGE where TABLE_NAME = 'Students' AND CONSTRAINT_NAME!='PRIMARY' AND CONSTRAINT_SCHEMA='myschooldb' AND REFERENCED_TABLE_NAME IS NOT NULL;

sql [2021-05-08 19:04:17] [DEBUG]: Executing (default): ALTER TABLE `Students` CHANGE `name` `name` VARCHAR(255) NOT NULL;

sql [2021-05-08 19:04:17] [DEBUG]: Executing (default): ALTER TABLE `Students` CHANGE `birthday` `birthday` DATETIME NOT NULL;

sql [2021-05-08 19:04:17] [DEBUG]: Executing (default): ALTER TABLE `Students` CHANGE `sex` `sex` TINYINT(1) NOT NULL;

sql [2021-05-08 19:04:17] [DEBUG]: Executing (default): ALTER TABLE `Students` CHANGE `mobile` `mobile` VARCHAR(11) NOT NULL;

sql [2021-05-08 19:04:17] [DEBUG]: Executing (default): ALTER TABLE `Students` CHANGE `deletedAt` `deletedAt` DATETIME;

sql [2021-05-08 19:04:17] [DEBUG]: Executing (default): ALTER TABLE `Students` ADD FOREIGN KEY (`ClassId`) REFERENCES `Classes` (`id`) ON DELETE SET NULL ON UPDATE CASCADE;

sql [2021-05-08 19:04:17] [DEBUG]: Executing (default): SHOW INDEX FROM `Students`

sql [2021-05-08 19:04:17] [DEBUG]: Executing (default): CREATE TABLE IF NOT EXISTS `Admins` (`id` INTEGER NOT NULL auto_increment , `loginId` VARCHAR(255) NOT NULL, `loginPwd` VARCHAR(255) NOT NULL, `deletedAt` DATETIME, PRIMARY KEY (`id`)) ENGINE=InnoDB;

sql [2021-05-08 19:04:17] [DEBUG]: Executing (default): SHOW FULL COLUMNS FROM `Admins`;

sql [2021-05-08 19:04:17] [DEBUG]: Executing (default): SELECT CONSTRAINT_NAME as constraint_name,CONSTRAINT_NAME as constraintName,CONSTRAINT_SCHEMA as constraintSchema,CONSTRAINT_SCHEMA as constraintCatalog,TABLE_NAME as tableName,TABLE_SCHEMA as tableSchema,TABLE_SCHEMA as tableCatalog,COLUMN_NAME as columnName,REFERENCED_TABLE_SCHEMA as referencedTableSchema,REFERENCED_TABLE_SCHEMA as referencedTableCatalog,REFERENCED_TABLE_NAME as referencedTableName,REFERENCED_COLUMN_NAME as referencedColumnName FROM INFORMATION_SCHEMA.KEY_COLUMN_USAGE where TABLE_NAME = 'Admins' AND CONSTRAINT_NAME!='PRIMARY' AND CONSTRAINT_SCHEMA='myschooldb' AND REFERENCED_TABLE_NAME IS NOT NULL;

sql [2021-05-08 19:04:17] [DEBUG]: Executing (default): ALTER TABLE `Admins` CHANGE `loginId` `loginId` VARCHAR(255) NOT NULL;

sql [2021-05-08 19:04:17] [DEBUG]: Executing (default): ALTER TABLE `Admins` CHANGE `loginPwd` `loginPwd` VARCHAR(255) NOT NULL;

sql [2021-05-08 19:04:17] [DEBUG]: Executing (default): ALTER TABLE `Admins` CHANGE `deletedAt` `deletedAt` DATETIME;

sql [2021-05-08 19:04:17] [DEBUG]: Executing (default): SHOW INDEX FROM `Admins`

sql [2021-05-08 19:04:17] [DEBUG]: Executing (default): CREATE TABLE IF NOT EXISTS `Books` (`id` INTEGER NOT NULL auto_increment , `name` VARCHAR(255) NOT NULL, `imgurl` VARCHAR(255), `publishDate` VARCHAR(255) NOT NULL, `author` VARCHAR(255) NOT NULL, `createdAt` DATETIME NOT NULL, `updatedAt` DATETIME NOT NULL, `deletedAt` DATETIME, PRIMARY KEY (`id`)) ENGINE=InnoDB;

sql [2021-05-08 19:04:17] [DEBUG]: Executing (default): SHOW FULL COLUMNS FROM `Books`;

sql [2021-05-08 19:04:17] [DEBUG]: Executing (default): SELECT CONSTRAINT_NAME as constraint_name,CONSTRAINT_NAME as constraintName,CONSTRAINT_SCHEMA as constraintSchema,CONSTRAINT_SCHEMA as constraintCatalog,TABLE_NAME as tableName,TABLE_SCHEMA as tableSchema,TABLE_SCHEMA as tableCatalog,COLUMN_NAME as columnName,REFERENCED_TABLE_SCHEMA as referencedTableSchema,REFERENCED_TABLE_SCHEMA as referencedTableCatalog,REFERENCED_TABLE_NAME as referencedTableName,REFERENCED_COLUMN_NAME as referencedColumnName FROM INFORMATION_SCHEMA.KEY_COLUMN_USAGE where TABLE_NAME = 'Books' AND CONSTRAINT_NAME!='PRIMARY' AND CONSTRAINT_SCHEMA='myschooldb' AND REFERENCED_TABLE_NAME IS NOT NULL;

sql [2021-05-08 19:04:17] [DEBUG]: Executing (default): ALTER TABLE `Books` CHANGE `name` `name` VARCHAR(255) NOT NULL;

sql [2021-05-08 19:04:17] [DEBUG]: Executing (default): ALTER TABLE `Books` CHANGE `imgurl` `imgurl` VARCHAR(255);

sql [2021-05-08 19:04:17] [DEBUG]: Executing (default): ALTER TABLE `Books` CHANGE `publishDate` `publishDate` VARCHAR(255) NOT NULL;

sql [2021-05-08 19:04:17] [DEBUG]: Executing (default): ALTER TABLE `Books` CHANGE `author` `author` VARCHAR(255) NOT NULL;

sql [2021-05-08 19:04:17] [DEBUG]: Executing (default): ALTER TABLE `Books` CHANGE `createdAt` `createdAt` DATETIME NOT NULL;

sql [2021-05-08 19:04:17] [DEBUG]: Executing (default): ALTER TABLE `Books` CHANGE `updatedAt` `updatedAt` DATETIME NOT NULL;

sql [2021-05-08 19:04:17] [DEBUG]: Executing (default): ALTER TABLE `Books` CHANGE `deletedAt` `deletedAt` DATETIME;

sql [2021-05-08 19:04:17] [DEBUG]: Executing (default): SHOW INDEX FROM `Books`

sql [2021-05-08 19:04:57] [DEBUG]: Executing (default): CREATE TABLE IF NOT EXISTS `Classes` (`id` INTEGER NOT NULL auto_increment , `name` VARCHAR(255) NOT NULL, `openDate` DATETIME NOT NULL, `deletedAt` DATETIME, PRIMARY KEY (`id`)) ENGINE=InnoDB;

sql [2021-05-08 19:04:57] [DEBUG]: Executing (default): SHOW FULL COLUMNS FROM `Classes`;

sql [2021-05-08 19:04:57] [DEBUG]: Executing (default): SELECT CONSTRAINT_NAME as constraint_name,CONSTRAINT_NAME as constraintName,CONSTRAINT_SCHEMA as constraintSchema,CONSTRAINT_SCHEMA as constraintCatalog,TABLE_NAME as tableName,TABLE_SCHEMA as tableSchema,TABLE_SCHEMA as tableCatalog,COLUMN_NAME as columnName,REFERENCED_TABLE_SCHEMA as referencedTableSchema,REFERENCED_TABLE_SCHEMA as referencedTableCatalog,REFERENCED_TABLE_NAME as referencedTableName,REFERENCED_COLUMN_NAME as referencedColumnName FROM INFORMATION_SCHEMA.KEY_COLUMN_USAGE where TABLE_NAME = 'Classes' AND CONSTRAINT_NAME!='PRIMARY' AND CONSTRAINT_SCHEMA='myschooldb' AND REFERENCED_TABLE_NAME IS NOT NULL;

sql [2021-05-08 19:04:57] [DEBUG]: Executing (default): ALTER TABLE `Classes` CHANGE `name` `name` VARCHAR(255) NOT NULL;

sql [2021-05-08 19:04:57] [DEBUG]: Executing (default): ALTER TABLE `Classes` CHANGE `openDate` `openDate` DATETIME NOT NULL;

sql [2021-05-08 19:04:57] [DEBUG]: Executing (default): ALTER TABLE `Classes` CHANGE `deletedAt` `deletedAt` DATETIME;

sql [2021-05-08 19:04:57] [DEBUG]: Executing (default): SHOW INDEX FROM `Classes`

sql [2021-05-08 19:04:57] [DEBUG]: Executing (default): CREATE TABLE IF NOT EXISTS `Students` (`id` INTEGER NOT NULL auto_increment , `name` VARCHAR(255) NOT NULL, `birthday` DATETIME NOT NULL, `sex` TINYINT(1) NOT NULL, `mobile` VARCHAR(11) NOT NULL, `deletedAt` DATETIME, `ClassId` INTEGER, PRIMARY KEY (`id`), FOREIGN KEY (`ClassId`) REFERENCES `Classes` (`id`) ON DELETE SET NULL ON UPDATE CASCADE) ENGINE=InnoDB;

sql [2021-05-08 19:04:57] [DEBUG]: Executing (default): SHOW FULL COLUMNS FROM `Students`;

sql [2021-05-08 19:04:57] [DEBUG]: Executing (default): SELECT CONSTRAINT_NAME as constraint_name,CONSTRAINT_NAME as constraintName,CONSTRAINT_SCHEMA as constraintSchema,CONSTRAINT_SCHEMA as constraintCatalog,TABLE_NAME as tableName,TABLE_SCHEMA as tableSchema,TABLE_SCHEMA as tableCatalog,COLUMN_NAME as columnName,REFERENCED_TABLE_SCHEMA as referencedTableSchema,REFERENCED_TABLE_SCHEMA as referencedTableCatalog,REFERENCED_TABLE_NAME as referencedTableName,REFERENCED_COLUMN_NAME as referencedColumnName FROM INFORMATION_SCHEMA.KEY_COLUMN_USAGE where TABLE_NAME = 'Students' AND CONSTRAINT_NAME!='PRIMARY' AND CONSTRAINT_SCHEMA='myschooldb' AND REFERENCED_TABLE_NAME IS NOT NULL;

sql [2021-05-08 19:04:57] [DEBUG]: Executing (default): ALTER TABLE `Students` CHANGE `name` `name` VARCHAR(255) NOT NULL;

sql [2021-05-08 19:04:57] [DEBUG]: Executing (default): ALTER TABLE `Students` CHANGE `birthday` `birthday` DATETIME NOT NULL;

sql [2021-05-08 19:04:57] [DEBUG]: Executing (default): ALTER TABLE `Students` CHANGE `sex` `sex` TINYINT(1) NOT NULL;

sql [2021-05-08 19:04:57] [DEBUG]: Executing (default): ALTER TABLE `Students` CHANGE `mobile` `mobile` VARCHAR(11) NOT NULL;

sql [2021-05-08 19:04:57] [DEBUG]: Executing (default): ALTER TABLE `Students` CHANGE `deletedAt` `deletedAt` DATETIME;

sql [2021-05-08 19:04:57] [DEBUG]: Executing (default): ALTER TABLE `Students` ADD FOREIGN KEY (`ClassId`) REFERENCES `Classes` (`id`) ON DELETE SET NULL ON UPDATE CASCADE;

sql [2021-05-08 19:04:57] [DEBUG]: Executing (default): SHOW INDEX FROM `Students`

sql [2021-05-08 19:04:57] [DEBUG]: Executing (default): CREATE TABLE IF NOT EXISTS `Admins` (`id` INTEGER NOT NULL auto_increment , `loginId` VARCHAR(255) NOT NULL, `loginPwd` VARCHAR(255) NOT NULL, `deletedAt` DATETIME, PRIMARY KEY (`id`)) ENGINE=InnoDB;

sql [2021-05-08 19:04:57] [DEBUG]: Executing (default): SHOW FULL COLUMNS FROM `Admins`;

sql [2021-05-08 19:04:57] [DEBUG]: Executing (default): SELECT CONSTRAINT_NAME as constraint_name,CONSTRAINT_NAME as constraintName,CONSTRAINT_SCHEMA as constraintSchema,CONSTRAINT_SCHEMA as constraintCatalog,TABLE_NAME as tableName,TABLE_SCHEMA as tableSchema,TABLE_SCHEMA as tableCatalog,COLUMN_NAME as columnName,REFERENCED_TABLE_SCHEMA as referencedTableSchema,REFERENCED_TABLE_SCHEMA as referencedTableCatalog,REFERENCED_TABLE_NAME as referencedTableName,REFERENCED_COLUMN_NAME as referencedColumnName FROM INFORMATION_SCHEMA.KEY_COLUMN_USAGE where TABLE_NAME = 'Admins' AND CONSTRAINT_NAME!='PRIMARY' AND CONSTRAINT_SCHEMA='myschooldb' AND REFERENCED_TABLE_NAME IS NOT NULL;

sql [2021-05-08 19:04:57] [DEBUG]: Executing (default): ALTER TABLE `Admins` CHANGE `loginId` `loginId` VARCHAR(255) NOT NULL;

sql [2021-05-08 19:04:57] [DEBUG]: Executing (default): ALTER TABLE `Admins` CHANGE `loginPwd` `loginPwd` VARCHAR(255) NOT NULL;

sql [2021-05-08 19:04:57] [DEBUG]: Executing (default): ALTER TABLE `Admins` CHANGE `deletedAt` `deletedAt` DATETIME;

sql [2021-05-08 19:04:57] [DEBUG]: Executing (default): SHOW INDEX FROM `Admins`

sql [2021-05-08 19:04:57] [DEBUG]: Executing (default): CREATE TABLE IF NOT EXISTS `Books` (`id` INTEGER NOT NULL auto_increment , `name` VARCHAR(255) NOT NULL, `imgurl` VARCHAR(255), `publishDate` VARCHAR(255) NOT NULL, `author` VARCHAR(255) NOT NULL, `createdAt` DATETIME NOT NULL, `updatedAt` DATETIME NOT NULL, `deletedAt` DATETIME, PRIMARY KEY (`id`)) ENGINE=InnoDB;

sql [2021-05-08 19:04:57] [DEBUG]: Executing (default): SHOW FULL COLUMNS FROM `Books`;

sql [2021-05-08 19:04:57] [DEBUG]: Executing (default): SELECT CONSTRAINT_NAME as constraint_name,CONSTRAINT_NAME as constraintName,CONSTRAINT_SCHEMA as constraintSchema,CONSTRAINT_SCHEMA as constraintCatalog,TABLE_NAME as tableName,TABLE_SCHEMA as tableSchema,TABLE_SCHEMA as tableCatalog,COLUMN_NAME as columnName,REFERENCED_TABLE_SCHEMA as referencedTableSchema,REFERENCED_TABLE_SCHEMA as referencedTableCatalog,REFERENCED_TABLE_NAME as referencedTableName,REFERENCED_COLUMN_NAME as referencedColumnName FROM INFORMATION_SCHEMA.KEY_COLUMN_USAGE where TABLE_NAME = 'Books' AND CONSTRAINT_NAME!='PRIMARY' AND CONSTRAINT_SCHEMA='myschooldb' AND REFERENCED_TABLE_NAME IS NOT NULL;

sql [2021-05-08 19:04:57] [DEBUG]: Executing (default): ALTER TABLE `Books` CHANGE `name` `name` VARCHAR(255) NOT NULL;

sql [2021-05-08 19:04:57] [DEBUG]: Executing (default): ALTER TABLE `Books` CHANGE `imgurl` `imgurl` VARCHAR(255);

sql [2021-05-08 19:04:57] [DEBUG]: Executing (default): ALTER TABLE `Books` CHANGE `publishDate` `publishDate` VARCHAR(255) NOT NULL;

sql [2021-05-08 19:04:57] [DEBUG]: Executing (default): ALTER TABLE `Books` CHANGE `author` `author` VARCHAR(255) NOT NULL;

sql [2021-05-08 19:04:57] [DEBUG]: Executing (default): ALTER TABLE `Books` CHANGE `createdAt` `createdAt` DATETIME NOT NULL;

sql [2021-05-08 19:04:57] [DEBUG]: Executing (default): ALTER TABLE `Books` CHANGE `updatedAt` `updatedAt` DATETIME NOT NULL;

sql [2021-05-08 19:04:57] [DEBUG]: Executing (default): ALTER TABLE `Books` CHANGE `deletedAt` `deletedAt` DATETIME;

sql [2021-05-08 19:04:57] [DEBUG]: Executing (default): SHOW INDEX FROM `Books`

sql [2021-05-08 19:05:05] [DEBUG]: Executing (default): CREATE TABLE IF NOT EXISTS `Classes` (`id` INTEGER NOT NULL auto_increment , `name` VARCHAR(255) NOT NULL, `openDate` DATETIME NOT NULL, `deletedAt` DATETIME, PRIMARY KEY (`id`)) ENGINE=InnoDB;

sql [2021-05-08 19:05:05] [DEBUG]: Executing (default): SHOW FULL COLUMNS FROM `Classes`;

sql [2021-05-08 19:05:05] [DEBUG]: Executing (default): SELECT CONSTRAINT_NAME as constraint_name,CONSTRAINT_NAME as constraintName,CONSTRAINT_SCHEMA as constraintSchema,CONSTRAINT_SCHEMA as constraintCatalog,TABLE_NAME as tableName,TABLE_SCHEMA as tableSchema,TABLE_SCHEMA as tableCatalog,COLUMN_NAME as columnName,REFERENCED_TABLE_SCHEMA as referencedTableSchema,REFERENCED_TABLE_SCHEMA as referencedTableCatalog,REFERENCED_TABLE_NAME as referencedTableName,REFERENCED_COLUMN_NAME as referencedColumnName FROM INFORMATION_SCHEMA.KEY_COLUMN_USAGE where TABLE_NAME = 'Classes' AND CONSTRAINT_NAME!='PRIMARY' AND CONSTRAINT_SCHEMA='myschooldb' AND REFERENCED_TABLE_NAME IS NOT NULL;

sql [2021-05-08 19:05:05] [DEBUG]: Executing (default): ALTER TABLE `Classes` CHANGE `name` `name` VARCHAR(255) NOT NULL;

sql [2021-05-08 19:05:05] [DEBUG]: Executing (default): ALTER TABLE `Classes` CHANGE `openDate` `openDate` DATETIME NOT NULL;

sql [2021-05-08 19:05:05] [DEBUG]: Executing (default): ALTER TABLE `Classes` CHANGE `deletedAt` `deletedAt` DATETIME;

sql [2021-05-08 19:05:05] [DEBUG]: Executing (default): SHOW INDEX FROM `Classes`

sql [2021-05-08 19:05:05] [DEBUG]: Executing (default): CREATE TABLE IF NOT EXISTS `Students` (`id` INTEGER NOT NULL auto_increment , `name` VARCHAR(255) NOT NULL, `birthday` DATETIME NOT NULL, `sex` TINYINT(1) NOT NULL, `mobile` VARCHAR(11) NOT NULL, `deletedAt` DATETIME, `ClassId` INTEGER, PRIMARY KEY (`id`), FOREIGN KEY (`ClassId`) REFERENCES `Classes` (`id`) ON DELETE SET NULL ON UPDATE CASCADE) ENGINE=InnoDB;

sql [2021-05-08 19:05:05] [DEBUG]: Executing (default): SHOW FULL COLUMNS FROM `Students`;

sql [2021-05-08 19:05:05] [DEBUG]: Executing (default): SELECT CONSTRAINT_NAME as constraint_name,CONSTRAINT_NAME as constraintName,CONSTRAINT_SCHEMA as constraintSchema,CONSTRAINT_SCHEMA as constraintCatalog,TABLE_NAME as tableName,TABLE_SCHEMA as tableSchema,TABLE_SCHEMA as tableCatalog,COLUMN_NAME as columnName,REFERENCED_TABLE_SCHEMA as referencedTableSchema,REFERENCED_TABLE_SCHEMA as referencedTableCatalog,REFERENCED_TABLE_NAME as referencedTableName,REFERENCED_COLUMN_NAME as referencedColumnName FROM INFORMATION_SCHEMA.KEY_COLUMN_USAGE where TABLE_NAME = 'Students' AND CONSTRAINT_NAME!='PRIMARY' AND CONSTRAINT_SCHEMA='myschooldb' AND REFERENCED_TABLE_NAME IS NOT NULL;

sql [2021-05-08 19:05:05] [DEBUG]: Executing (default): ALTER TABLE `Students` CHANGE `name` `name` VARCHAR(255) NOT NULL;

sql [2021-05-08 19:05:05] [DEBUG]: Executing (default): ALTER TABLE `Students` CHANGE `birthday` `birthday` DATETIME NOT NULL;

sql [2021-05-08 19:05:05] [DEBUG]: Executing (default): ALTER TABLE `Students` CHANGE `sex` `sex` TINYINT(1) NOT NULL;

sql [2021-05-08 19:05:05] [DEBUG]: Executing (default): ALTER TABLE `Students` CHANGE `mobile` `mobile` VARCHAR(11) NOT NULL;

sql [2021-05-08 19:05:05] [DEBUG]: Executing (default): ALTER TABLE `Students` CHANGE `deletedAt` `deletedAt` DATETIME;

sql [2021-05-08 19:05:05] [DEBUG]: Executing (default): ALTER TABLE `Students` ADD FOREIGN KEY (`ClassId`) REFERENCES `Classes` (`id`) ON DELETE SET NULL ON UPDATE CASCADE;

sql [2021-05-08 19:05:05] [DEBUG]: Executing (default): SHOW INDEX FROM `Students`

sql [2021-05-08 19:05:05] [DEBUG]: Executing (default): CREATE TABLE IF NOT EXISTS `Admins` (`id` INTEGER NOT NULL auto_increment , `loginId` VARCHAR(255) NOT NULL, `loginPwd` VARCHAR(255) NOT NULL, `deletedAt` DATETIME, PRIMARY KEY (`id`)) ENGINE=InnoDB;

sql [2021-05-08 19:05:05] [DEBUG]: Executing (default): SHOW FULL COLUMNS FROM `Admins`;

sql [2021-05-08 19:05:05] [DEBUG]: Executing (default): SELECT CONSTRAINT_NAME as constraint_name,CONSTRAINT_NAME as constraintName,CONSTRAINT_SCHEMA as constraintSchema,CONSTRAINT_SCHEMA as constraintCatalog,TABLE_NAME as tableName,TABLE_SCHEMA as tableSchema,TABLE_SCHEMA as tableCatalog,COLUMN_NAME as columnName,REFERENCED_TABLE_SCHEMA as referencedTableSchema,REFERENCED_TABLE_SCHEMA as referencedTableCatalog,REFERENCED_TABLE_NAME as referencedTableName,REFERENCED_COLUMN_NAME as referencedColumnName FROM INFORMATION_SCHEMA.KEY_COLUMN_USAGE where TABLE_NAME = 'Admins' AND CONSTRAINT_NAME!='PRIMARY' AND CONSTRAINT_SCHEMA='myschooldb' AND REFERENCED_TABLE_NAME IS NOT NULL;

sql [2021-05-08 19:05:05] [DEBUG]: Executing (default): ALTER TABLE `Admins` CHANGE `loginId` `loginId` VARCHAR(255) NOT NULL;

sql [2021-05-08 19:05:05] [DEBUG]: Executing (default): ALTER TABLE `Admins` CHANGE `loginPwd` `loginPwd` VARCHAR(255) NOT NULL;

sql [2021-05-08 19:05:05] [DEBUG]: Executing (default): ALTER TABLE `Admins` CHANGE `deletedAt` `deletedAt` DATETIME;

sql [2021-05-08 19:05:05] [DEBUG]: Executing (default): SHOW INDEX FROM `Admins`

sql [2021-05-08 19:05:05] [DEBUG]: Executing (default): CREATE TABLE IF NOT EXISTS `Books` (`id` INTEGER NOT NULL auto_increment , `name` VARCHAR(255) NOT NULL, `imgurl` VARCHAR(255), `publishDate` VARCHAR(255) NOT NULL, `author` VARCHAR(255) NOT NULL, `createdAt` DATETIME NOT NULL, `updatedAt` DATETIME NOT NULL, `deletedAt` DATETIME, PRIMARY KEY (`id`)) ENGINE=InnoDB;

sql [2021-05-08 19:05:05] [DEBUG]: Executing (default): SHOW FULL COLUMNS FROM `Books`;

sql [2021-05-08 19:05:05] [DEBUG]: Executing (default): SELECT CONSTRAINT_NAME as constraint_name,CONSTRAINT_NAME as constraintName,CONSTRAINT_SCHEMA as constraintSchema,CONSTRAINT_SCHEMA as constraintCatalog,TABLE_NAME as tableName,TABLE_SCHEMA as tableSchema,TABLE_SCHEMA as tableCatalog,COLUMN_NAME as columnName,REFERENCED_TABLE_SCHEMA as referencedTableSchema,REFERENCED_TABLE_SCHEMA as referencedTableCatalog,REFERENCED_TABLE_NAME as referencedTableName,REFERENCED_COLUMN_NAME as referencedColumnName FROM INFORMATION_SCHEMA.KEY_COLUMN_USAGE where TABLE_NAME = 'Books' AND CONSTRAINT_NAME!='PRIMARY' AND CONSTRAINT_SCHEMA='myschooldb' AND REFERENCED_TABLE_NAME IS NOT NULL;

sql [2021-05-08 19:05:05] [DEBUG]: Executing (default): ALTER TABLE `Books` CHANGE `name` `name` VARCHAR(255) NOT NULL;

sql [2021-05-08 19:05:05] [DEBUG]: Executing (default): ALTER TABLE `Books` CHANGE `imgurl` `imgurl` VARCHAR(255);

sql [2021-05-08 19:05:05] [DEBUG]: Executing (default): ALTER TABLE `Books` CHANGE `publishDate` `publishDate` VARCHAR(255) NOT NULL;

sql [2021-05-08 19:05:05] [DEBUG]: Executing (default): ALTER TABLE `Books` CHANGE `author` `author` VARCHAR(255) NOT NULL;

sql [2021-05-08 19:05:05] [DEBUG]: Executing (default): ALTER TABLE `Books` CHANGE `createdAt` `createdAt` DATETIME NOT NULL;

sql [2021-05-08 19:05:05] [DEBUG]: Executing (default): ALTER TABLE `Books` CHANGE `updatedAt` `updatedAt` DATETIME NOT NULL;

sql [2021-05-08 19:05:05] [DEBUG]: Executing (default): ALTER TABLE `Books` CHANGE `deletedAt` `deletedAt` DATETIME;

sql [2021-05-08 19:05:05] [DEBUG]: Executing (default): SHOW INDEX FROM `Books`

sql [2021-05-08 19:06:22] [DEBUG]: Executing (default): SELECT `id`, `name`, `birthday`, `sex`, `mobile`, `deletedAt`, `ClassId` FROM `Students` AS `Student` WHERE (`Student`.`deletedAt` IS NULL AND `Student`.`id` = '12');

sql [2021-05-08 19:06:28] [DEBUG]: Executing (default): SELECT `id`, `name`, `birthday`, `sex`, `mobile`, `deletedAt`, `ClassId` FROM `Students` AS `Student` WHERE (`Student`.`deletedAt` IS NULL AND `Student`.`id` = '41');

sql [2021-05-08 19:06:29] [DEBUG]: Executing (default): SELECT `id`, `name`, `birthday`, `sex`, `mobile`, `deletedAt`, `ClassId` FROM `Students` AS `Student` WHERE (`Student`.`deletedAt` IS NULL AND `Student`.`id` = '1');

sql [2021-05-08 19:06:34] [DEBUG]: Executing (default): SELECT `id`, `name`, `birthday`, `sex`, `mobile`, `deletedAt`, `ClassId` FROM `Students` AS `Student` WHERE (`Student`.`deletedAt` IS NULL AND `Student`.`id` = '2');

sql [2021-05-08 19:06:40] [DEBUG]: Executing (default): SELECT `id`, `name`, `birthday`, `sex`, `mobile`, `deletedAt`, `ClassId` FROM `Students` AS `Student` WHERE (`Student`.`deletedAt` IS NULL AND `Student`.`id` = 'login');

sql [2021-05-08 19:07:04] [DEBUG]: Executing (default): SELECT count(`Student`.`id`) AS `count` FROM `Students` AS `Student` LEFT OUTER JOIN `Classes` AS `Class` ON `Student`.`ClassId` = `Class`.`id` AND (`Class`.`deletedAt` IS NULL) WHERE `Student`.`deletedAt` IS NULL;

sql [2021-05-08 19:07:04] [DEBUG]: Executing (default): SELECT `Student`.`id`, `Student`.`name`, `Student`.`sex`, `Student`.`birthday`, `Class`.`id` AS `Class.id`, `Class`.`name` AS `Class.name`, `Class`.`openDate` AS `Class.openDate`, `Class`.`deletedAt` AS `Class.deletedAt` FROM `Students` AS `Student` LEFT OUTER JOIN `Classes` AS `Class` ON `Student`.`ClassId` = `Class`.`id` AND (`Class`.`deletedAt` IS NULL) WHERE `Student`.`deletedAt` IS NULL LIMIT 0, 10;

sql [2021-05-08 19:07:07] [DEBUG]: Executing (default): SELECT `id`, `name`, `birthday`, `sex`, `mobile`, `deletedAt`, `ClassId` FROM `Students` AS `Student` WHERE (`Student`.`deletedAt` IS NULL AND `Student`.`id` = '1');

sql [2021-05-08 19:09:35] [DEBUG]: Executing (default): SELECT `id`, `name`, `birthday`, `sex`, `mobile`, `deletedAt`, `ClassId` FROM `Students` AS `Student` WHERE (`Student`.`deletedAt` IS NULL AND `Student`.`id` = '1');

sql [2021-05-08 19:09:39] [DEBUG]: Executing (default): SELECT count(`Student`.`id`) AS `count` FROM `Students` AS `Student` LEFT OUTER JOIN `Classes` AS `Class` ON `Student`.`ClassId` = `Class`.`id` AND (`Class`.`deletedAt` IS NULL) WHERE `Student`.`deletedAt` IS NULL;

sql [2021-05-08 19:09:39] [DEBUG]: Executing (default): SELECT `Student`.`id`, `Student`.`name`, `Student`.`sex`, `Student`.`birthday`, `Class`.`id` AS `Class.id`, `Class`.`name` AS `Class.name`, `Class`.`openDate` AS `Class.openDate`, `Class`.`deletedAt` AS `Class.deletedAt` FROM `Students` AS `Student` LEFT OUTER JOIN `Classes` AS `Class` ON `Student`.`ClassId` = `Class`.`id` AND (`Class`.`deletedAt` IS NULL) WHERE `Student`.`deletedAt` IS NULL LIMIT 0, 10;

sql [2021-05-08 19:09:42] [DEBUG]: Executing (default): SELECT count(`Student`.`id`) AS `count` FROM `Students` AS `Student` LEFT OUTER JOIN `Classes` AS `Class` ON `Student`.`ClassId` = `Class`.`id` AND (`Class`.`deletedAt` IS NULL) WHERE `Student`.`deletedAt` IS NULL;

sql [2021-05-08 19:09:42] [DEBUG]: Executing (default): SELECT `Student`.`id`, `Student`.`name`, `Student`.`sex`, `Student`.`birthday`, `Class`.`id` AS `Class.id`, `Class`.`name` AS `Class.name`, `Class`.`openDate` AS `Class.openDate`, `Class`.`deletedAt` AS `Class.deletedAt` FROM `Students` AS `Student` LEFT OUTER JOIN `Classes` AS `Class` ON `Student`.`ClassId` = `Class`.`id` AND (`Class`.`deletedAt` IS NULL) WHERE `Student`.`deletedAt` IS NULL LIMIT 0, 10;

sql [2021-05-08 19:09:45] [DEBUG]: Executing (default): SELECT `id`, `name`, `birthday`, `sex`, `mobile`, `deletedAt`, `ClassId` FROM `Students` AS `Student` WHERE (`Student`.`deletedAt` IS NULL AND `Student`.`id` = '52');

sql [2021-05-08 19:09:48] [DEBUG]: Executing (default): SELECT `id`, `name`, `birthday`, `sex`, `mobile`, `deletedAt`, `ClassId` FROM `Students` AS `Student` WHERE (`Student`.`deletedAt` IS NULL AND `Student`.`id` = '13');

